  Blob.cpp
Blob.cpp(13): warning C4244: 'initializing': conversion from 'double' to 'int', possible loss of data
Blob.cpp(18): warning C4305: 'initializing': truncation from 'double' to 'float'
Blob.cpp(19): warning C4305: 'initializing': truncation from 'double' to 'float'
Blob.cpp(20): warning C4244: 'initializing': conversion from 'double' to 'int', possible loss of data
Blob.cpp(155): warning C4305: 'initializing': truncation from 'double' to 'float'
Blob.cpp(155): warning C4305: '-=': truncation from 'double' to 'float'
Blob.cpp(164): warning C4305: 'initializing': truncation from 'double' to 'float'
Blob.cpp(164): warning C4305: '-=': truncation from 'double' to 'float'
Blob.cpp(165): warning C4244: '=': conversion from 'double' to 'float', possible loss of data
Blob.cpp(166): warning C4244: '=': conversion from 'double' to 'float', possible loss of data
Blob.cpp(173): warning C4305: 'initializing': truncation from 'double' to 'float'
Blob.cpp(173): warning C4305: '-=': truncation from 'double' to 'float'
Blob.cpp(180): warning C4244: '=': conversion from 'double' to 'float', possible loss of data
Blob.cpp(181): warning C4244: '=': conversion from 'double' to 'float', possible loss of data
Blob.cpp(329): warning C4305: 'initializing': truncation from 'double' to 'float'
Blob.cpp(331): warning C4305: 'initializing': truncation from 'double' to 'float'
  BlobS.cpp
BlobS.cpp(10): warning C4244: 'initializing': conversion from 'double' to 'int', possible loss of data
BlobS.cpp(49): warning C4305: 'initializing': truncation from 'double' to 'float'
BlobS.cpp(49): warning C4305: '-=': truncation from 'double' to 'float'
  Builder.cpp
Builder.cpp(34): warning C4305: 'initializing': truncation from 'double' to 'float'
Builder.cpp(35): warning C4305: 'initializing': truncation from 'double' to 'float'
Builder.cpp(54): warning C4305: '=': truncation from 'double' to 'float'
Builder.cpp(75): warning C4244: 'argument': conversion from 'double' to 'float', possible loss of data
Builder.cpp(76): warning C4244: 'argument': conversion from 'double' to 'float', possible loss of data
Builder.cpp(77): warning C4244: 'argument': conversion from 'double' to 'float', possible loss of data
Builder.cpp(82): warning C4244: 'argument': conversion from 'double' to 'float', possible loss of data
Builder.cpp(83): warning C4244: 'argument': conversion from 'double' to 'float', possible loss of data
Builder.cpp(84): warning C4244: 'argument': conversion from 'double' to 'float', possible loss of data
Builder.cpp(89): warning C4244: 'argument': conversion from 'double' to 'float', possible loss of data
Builder.cpp(90): warning C4244: 'argument': conversion from 'double' to 'float', possible loss of data
Builder.cpp(91): warning C4244: 'argument': conversion from 'double' to 'float', possible loss of data
Builder.cpp(97): warning C4244: 'argument': conversion from 'double' to 'float', possible loss of data
Builder.cpp(98): warning C4244: 'argument': conversion from 'double' to 'float', possible loss of data
Builder.cpp(99): warning C4244: 'argument': conversion from 'double' to 'float', possible loss of data
Builder.cpp(119): warning C4244: 'argument': conversion from 'double' to 'GLfloat', possible loss of data
Builder.cpp(123): warning C4244: 'initializing': conversion from 'double' to 'float', possible loss of data
Builder.cpp(129): warning C4244: 'initializing': conversion from 'double' to 'float', possible loss of data
Builder.cpp(136): warning C4244: 'argument': conversion from 'double' to 'GLfloat', possible loss of data
Builder.cpp(142): warning C4244: 'argument': conversion from 'time_t' to 'unsigned int', possible loss of data
Builder.cpp(144): warning C4305: 'initializing': truncation from 'double' to 'float'
Builder.cpp(145): warning C4305: 'initializing': truncation from 'double' to 'float'
Builder.cpp(146): warning C4305: 'initializing': truncation from 'double' to 'float'
Builder.cpp(147): warning C4305: 'initializing': truncation from 'double' to 'float'
Builder.cpp(157): warning C4244: '=': conversion from 'double' to 'float', possible loss of data
Builder.cpp(163): warning C4244: '=': conversion from 'double' to 'float', possible loss of data
Builder.cpp(165): warning C4244: '=': conversion from 'double' to 'float', possible loss of data
Builder.cpp(167): warning C4244: '=': conversion from 'double' to 'float', possible loss of data
Builder.cpp(173): warning C4244: '=': conversion from 'double' to 'float', possible loss of data
Builder.cpp(175): warning C4244: '=': conversion from 'double' to 'float', possible loss of data
Builder.cpp(177): warning C4244: '=': conversion from 'double' to 'float', possible loss of data
Builder.cpp(196): warning C4244: '=': conversion from 'double' to 'float', possible loss of data
Builder.cpp(200): warning C4244: '=': conversion from 'double' to 'float', possible loss of data
Builder.cpp(203): warning C4244: '=': conversion from 'double' to 'float', possible loss of data
Builder.cpp(212): warning C4244: '=': conversion from 'double' to 'float', possible loss of data
Builder.cpp(214): warning C4305: '=': truncation from 'double' to 'float'
Builder.cpp(216): warning C4244: '=': conversion from 'double' to 'float', possible loss of data
Builder.cpp(218): warning C4305: '=': truncation from 'double' to 'float'
Builder.cpp(219): warning C4244: '=': conversion from 'double' to 'float', possible loss of data
Builder.cpp(272): warning C4305: 'argument': truncation from 'double' to 'float'
Builder.cpp(326): warning C4244: 'initializing': conversion from 'double' to 'float', possible loss of data
Builder.cpp(327): warning C4244: 'initializing': conversion from 'double' to 'float', possible loss of data
Builder.cpp(436): warning C4244: 'return': conversion from 'double' to 'float', possible loss of data
  Creator.cpp
Creator.cpp(73): warning C4244: '=': conversion from 'double' to 'int', possible loss of data
  main.cpp
  mainAssist.cpp
mainAssist.cpp(26): warning C4244: 'return': conversion from 'double' to 'float', possible loss of data
mainAssist.cpp(32): warning C4244: 'return': conversion from 'double' to 'float', possible loss of data
mainAssist.cpp(52): warning C4244: 'initializing': conversion from 'float' to 'int', possible loss of data
mainAssist.cpp(59): warning C4244: '=': conversion from 'float' to 'int', possible loss of data
  testing.cpp
testing.cpp(23): warning C4305: 'argument': truncation from 'double' to 'float'
testing.cpp(25): warning C4305: 'argument': truncation from 'double' to 'float'
testing.cpp(27): warning C4305: 'argument': truncation from 'double' to 'float'
testing.cpp(66): warning C4305: 'argument': truncation from 'double' to 'float'
testing.cpp(68): warning C4305: 'argument': truncation from 'double' to 'float'
testing.cpp(74): warning C4305: 'argument': truncation from 'double' to 'float'
testing.cpp(76): warning C4305: 'argument': truncation from 'double' to 'float'
testing.cpp(82): warning C4838: conversion from 'double' to 'float' requires a narrowing conversion
testing.cpp(82): warning C4305: 'initializing': truncation from 'double' to 'float'
testing.cpp(84): warning C4305: 'argument': truncation from 'double' to 'float'
testing.cpp(89): warning C4305: 'argument': truncation from 'double' to 'float'
testing.cpp(96): warning C4305: 'argument': truncation from 'double' to 'float'
testing.cpp(103): warning C4305: 'argument': truncation from 'double' to 'float'
testing.cpp(111): warning C4305: 'argument': truncation from 'double' to 'float'
testing.cpp(114): warning C4305: 'argument': truncation from 'double' to 'float'
testing.cpp(117): warning C4305: 'argument': truncation from 'double' to 'float'
testing.cpp(120): warning C4305: 'argument': truncation from 'double' to 'float'
testing.cpp(123): warning C4305: 'argument': truncation from 'double' to 'float'
LINK : fatal error LNK1104: cannot open file 'freeglut.lib'
