  testing.cpp
c:\users\toby\documents\fyp\fyp\testing.cpp(23): warning C4305: 'argument': truncation from 'double' to 'float'
c:\users\toby\documents\fyp\fyp\testing.cpp(25): warning C4305: 'argument': truncation from 'double' to 'float'
c:\users\toby\documents\fyp\fyp\testing.cpp(27): warning C4305: 'argument': truncation from 'double' to 'float'
c:\users\toby\documents\fyp\fyp\testing.cpp(66): warning C4305: 'argument': truncation from 'double' to 'float'
c:\users\toby\documents\fyp\fyp\testing.cpp(68): warning C4305: 'argument': truncation from 'double' to 'float'
c:\users\toby\documents\fyp\fyp\testing.cpp(74): warning C4305: 'argument': truncation from 'double' to 'float'
c:\users\toby\documents\fyp\fyp\testing.cpp(76): warning C4305: 'argument': truncation from 'double' to 'float'
c:\users\toby\documents\fyp\fyp\testing.cpp(82): warning C4838: conversion from 'double' to 'float' requires a narrowing conversion
c:\users\toby\documents\fyp\fyp\testing.cpp(82): warning C4305: 'initializing': truncation from 'double' to 'float'
c:\users\toby\documents\fyp\fyp\testing.cpp(84): warning C4305: 'argument': truncation from 'double' to 'float'
c:\users\toby\documents\fyp\fyp\testing.cpp(89): warning C4305: 'argument': truncation from 'double' to 'float'
c:\users\toby\documents\fyp\fyp\testing.cpp(96): warning C4305: 'argument': truncation from 'double' to 'float'
c:\users\toby\documents\fyp\fyp\testing.cpp(103): warning C4305: 'argument': truncation from 'double' to 'float'
c:\users\toby\documents\fyp\fyp\testing.cpp(111): warning C4305: 'argument': truncation from 'double' to 'float'
c:\users\toby\documents\fyp\fyp\testing.cpp(114): warning C4305: 'argument': truncation from 'double' to 'float'
c:\users\toby\documents\fyp\fyp\testing.cpp(117): warning C4305: 'argument': truncation from 'double' to 'float'
c:\users\toby\documents\fyp\fyp\testing.cpp(120): warning C4305: 'argument': truncation from 'double' to 'float'
c:\users\toby\documents\fyp\fyp\testing.cpp(123): warning C4305: 'argument': truncation from 'double' to 'float'
  mainAssist.cpp
c:\users\toby\documents\fyp\fyp\mainassist.cpp(26): warning C4244: 'return': conversion from 'double' to 'float', possible loss of data
c:\users\toby\documents\fyp\fyp\mainassist.cpp(32): warning C4244: 'return': conversion from 'double' to 'float', possible loss of data
c:\users\toby\documents\fyp\fyp\mainassist.cpp(52): warning C4244: 'initializing': conversion from 'float' to 'int', possible loss of data
c:\users\toby\documents\fyp\fyp\mainassist.cpp(59): warning C4244: '=': conversion from 'float' to 'int', possible loss of data
  main.cpp
  Creator.cpp
c:\users\toby\documents\fyp\fyp\creator.cpp(73): warning C4244: '=': conversion from 'double' to 'int', possible loss of data
  Builder.cpp
c:\users\toby\documents\fyp\fyp\builder.cpp(34): warning C4305: 'initializing': truncation from 'double' to 'float'
c:\users\toby\documents\fyp\fyp\builder.cpp(35): warning C4305: 'initializing': truncation from 'double' to 'float'
c:\users\toby\documents\fyp\fyp\builder.cpp(54): warning C4305: '=': truncation from 'double' to 'float'
c:\users\toby\documents\fyp\fyp\builder.cpp(75): warning C4244: 'argument': conversion from 'double' to 'float', possible loss of data
c:\users\toby\documents\fyp\fyp\builder.cpp(76): warning C4244: 'argument': conversion from 'double' to 'float', possible loss of data
c:\users\toby\documents\fyp\fyp\builder.cpp(77): warning C4244: 'argument': conversion from 'double' to 'float', possible loss of data
c:\users\toby\documents\fyp\fyp\builder.cpp(82): warning C4244: 'argument': conversion from 'double' to 'float', possible loss of data
c:\users\toby\documents\fyp\fyp\builder.cpp(83): warning C4244: 'argument': conversion from 'double' to 'float', possible loss of data
c:\users\toby\documents\fyp\fyp\builder.cpp(84): warning C4244: 'argument': conversion from 'double' to 'float', possible loss of data
c:\users\toby\documents\fyp\fyp\builder.cpp(89): warning C4244: 'argument': conversion from 'double' to 'float', possible loss of data
c:\users\toby\documents\fyp\fyp\builder.cpp(90): warning C4244: 'argument': conversion from 'double' to 'float', possible loss of data
c:\users\toby\documents\fyp\fyp\builder.cpp(91): warning C4244: 'argument': conversion from 'double' to 'float', possible loss of data
c:\users\toby\documents\fyp\fyp\builder.cpp(97): warning C4244: 'argument': conversion from 'double' to 'float', possible loss of data
c:\users\toby\documents\fyp\fyp\builder.cpp(98): warning C4244: 'argument': conversion from 'double' to 'float', possible loss of data
c:\users\toby\documents\fyp\fyp\builder.cpp(99): warning C4244: 'argument': conversion from 'double' to 'float', possible loss of data
c:\users\toby\documents\fyp\fyp\builder.cpp(119): warning C4244: 'argument': conversion from 'double' to 'GLfloat', possible loss of data
c:\users\toby\documents\fyp\fyp\builder.cpp(123): warning C4244: 'initializing': conversion from 'double' to 'float', possible loss of data
c:\users\toby\documents\fyp\fyp\builder.cpp(129): warning C4244: 'initializing': conversion from 'double' to 'float', possible loss of data
c:\users\toby\documents\fyp\fyp\builder.cpp(136): warning C4244: 'argument': conversion from 'double' to 'GLfloat', possible loss of data
c:\users\toby\documents\fyp\fyp\builder.cpp(142): warning C4244: 'argument': conversion from 'time_t' to 'unsigned int', possible loss of data
c:\users\toby\documents\fyp\fyp\builder.cpp(144): warning C4305: 'initializing': truncation from 'double' to 'float'
c:\users\toby\documents\fyp\fyp\builder.cpp(145): warning C4305: 'initializing': truncation from 'double' to 'float'
c:\users\toby\documents\fyp\fyp\builder.cpp(146): warning C4305: 'initializing': truncation from 'double' to 'float'
c:\users\toby\documents\fyp\fyp\builder.cpp(147): warning C4305: 'initializing': truncation from 'double' to 'float'
c:\users\toby\documents\fyp\fyp\builder.cpp(157): warning C4244: '=': conversion from 'double' to 'float', possible loss of data
c:\users\toby\documents\fyp\fyp\builder.cpp(163): warning C4244: '=': conversion from 'double' to 'float', possible loss of data
c:\users\toby\documents\fyp\fyp\builder.cpp(165): warning C4244: '=': conversion from 'double' to 'float', possible loss of data
c:\users\toby\documents\fyp\fyp\builder.cpp(167): warning C4244: '=': conversion from 'double' to 'float', possible loss of data
c:\users\toby\documents\fyp\fyp\builder.cpp(173): warning C4244: '=': conversion from 'double' to 'float', possible loss of data
c:\users\toby\documents\fyp\fyp\builder.cpp(175): warning C4244: '=': conversion from 'double' to 'float', possible loss of data
c:\users\toby\documents\fyp\fyp\builder.cpp(177): warning C4244: '=': conversion from 'double' to 'float', possible loss of data
c:\users\toby\documents\fyp\fyp\builder.cpp(196): warning C4244: '=': conversion from 'double' to 'float', possible loss of data
c:\users\toby\documents\fyp\fyp\builder.cpp(200): warning C4244: '=': conversion from 'double' to 'float', possible loss of data
c:\users\toby\documents\fyp\fyp\builder.cpp(203): warning C4244: '=': conversion from 'double' to 'float', possible loss of data
c:\users\toby\documents\fyp\fyp\builder.cpp(212): warning C4244: '=': conversion from 'double' to 'float', possible loss of data
c:\users\toby\documents\fyp\fyp\builder.cpp(214): warning C4305: '=': truncation from 'double' to 'float'
c:\users\toby\documents\fyp\fyp\builder.cpp(216): warning C4244: '=': conversion from 'double' to 'float', possible loss of data
c:\users\toby\documents\fyp\fyp\builder.cpp(218): warning C4305: '=': truncation from 'double' to 'float'
c:\users\toby\documents\fyp\fyp\builder.cpp(219): warning C4244: '=': conversion from 'double' to 'float', possible loss of data
c:\users\toby\documents\fyp\fyp\builder.cpp(272): warning C4305: 'argument': truncation from 'double' to 'float'
c:\users\toby\documents\fyp\fyp\builder.cpp(326): warning C4244: 'initializing': conversion from 'double' to 'float', possible loss of data
c:\users\toby\documents\fyp\fyp\builder.cpp(327): warning C4244: 'initializing': conversion from 'double' to 'float', possible loss of data
c:\users\toby\documents\fyp\fyp\builder.cpp(436): warning C4244: 'return': conversion from 'double' to 'float', possible loss of data
  BlobS.cpp
c:\users\toby\documents\fyp\fyp\blobs.cpp(10): warning C4244: 'initializing': conversion from 'double' to 'int', possible loss of data
c:\users\toby\documents\fyp\fyp\blobs.cpp(49): warning C4305: 'initializing': truncation from 'double' to 'float'
c:\users\toby\documents\fyp\fyp\blobs.cpp(49): warning C4305: '-=': truncation from 'double' to 'float'
  Blob.cpp
c:\users\toby\documents\fyp\fyp\blob.cpp(13): warning C4244: 'initializing': conversion from 'double' to 'int', possible loss of data
c:\users\toby\documents\fyp\fyp\blob.cpp(18): warning C4305: 'initializing': truncation from 'double' to 'float'
c:\users\toby\documents\fyp\fyp\blob.cpp(19): warning C4305: 'initializing': truncation from 'double' to 'float'
c:\users\toby\documents\fyp\fyp\blob.cpp(20): warning C4244: 'initializing': conversion from 'double' to 'int', possible loss of data
c:\users\toby\documents\fyp\fyp\blob.cpp(155): warning C4305: 'initializing': truncation from 'double' to 'float'
c:\users\toby\documents\fyp\fyp\blob.cpp(155): warning C4305: '-=': truncation from 'double' to 'float'
c:\users\toby\documents\fyp\fyp\blob.cpp(164): warning C4305: 'initializing': truncation from 'double' to 'float'
c:\users\toby\documents\fyp\fyp\blob.cpp(164): warning C4305: '-=': truncation from 'double' to 'float'
c:\users\toby\documents\fyp\fyp\blob.cpp(165): warning C4244: '=': conversion from 'double' to 'float', possible loss of data
c:\users\toby\documents\fyp\fyp\blob.cpp(166): warning C4244: '=': conversion from 'double' to 'float', possible loss of data
c:\users\toby\documents\fyp\fyp\blob.cpp(173): warning C4305: 'initializing': truncation from 'double' to 'float'
c:\users\toby\documents\fyp\fyp\blob.cpp(173): warning C4305: '-=': truncation from 'double' to 'float'
c:\users\toby\documents\fyp\fyp\blob.cpp(180): warning C4244: '=': conversion from 'double' to 'float', possible loss of data
c:\users\toby\documents\fyp\fyp\blob.cpp(181): warning C4244: '=': conversion from 'double' to 'float', possible loss of data
c:\users\toby\documents\fyp\fyp\blob.cpp(329): warning C4305: 'initializing': truncation from 'double' to 'float'
c:\users\toby\documents\fyp\fyp\blob.cpp(331): warning C4305: 'initializing': truncation from 'double' to 'float'
  Generating Code...
  fyp.vcxproj -> C:\Users\Toby\Documents\fyp\Debug\fyp.exe
